#
# There is insufficient memory for the Java Runtime Environment to continue.
# Native memory allocation (malloc) failed to allocate 32784 bytes for Chunk::new
# Possible reasons:
#   The system is out of physical RAM or swap space
#   In 32 bit mode, the process size limit was hit
# Possible solutions:
#   Reduce memory load on the system
#   Increase physical memory or swap space
#   Check if swap backing store is full
#   Use 64 bit Java on a 64 bit OS
#   Decrease Java heap size (-Xmx/-Xms)
#   Decrease number of Java threads
#   Decrease Java thread stack sizes (-Xss)
#   Set larger code cache with -XX:ReservedCodeCacheSize=
# This output file may be truncated or incomplete.
#
#  Out of Memory Error (allocation.cpp:328), pid=15320, tid=8404
#
# JRE version: 7.0_15-b03
# Java VM: Java HotSpot(TM) 64-Bit Server VM (23.7-b01 mixed mode windows-amd64 compressed oops)
# Failed to write core dump. Minidumps are not enabled by default on client versions of Windows
#

---------------  T H R E A D  ---------------

Current thread (0x000000000daf5000):  JavaThread "C2 CompilerThread1" daemon [_thread_in_native, id=8404, stack(0x000000000e3c0000,0x000000000e4c0000)]

Stack: [0x000000000e3c0000,0x000000000e4c0000]

Current CompileTask:
C2:   2582   47             ComputerPlayer::testCheckmateWithMove (115 bytes)


---------------  P R O C E S S  ---------------

Java Threads: ( => current thread )
  0x000000000db00000 JavaThread "Service Thread" daemon [_thread_blocked, id=12824, stack(0x000000000e610000,0x000000000e710000)]
=>0x000000000daf5000 JavaThread "C2 CompilerThread1" daemon [_thread_in_native, id=8404, stack(0x000000000e3c0000,0x000000000e4c0000)]
  0x000000000dadd800 JavaThread "C2 CompilerThread0" daemon [_thread_blocked, id=15092, stack(0x000000000e180000,0x000000000e280000)]
  0x000000000dadc800 JavaThread "Attach Listener" daemon [_thread_blocked, id=12480, stack(0x000000000deb0000,0x000000000dfb0000)]
  0x000000000dadb800 JavaThread "Signal Dispatcher" daemon [_thread_blocked, id=13448, stack(0x000000000e060000,0x000000000e160000)]
  0x000000000bbc9000 JavaThread "Finalizer" daemon [_thread_blocked, id=10024, stack(0x000000000d6b0000,0x000000000d7b0000)]
  0x000000000bbc1000 JavaThread "Reference Handler" daemon [_thread_blocked, id=4532, stack(0x000000000d990000,0x000000000da90000)]
  0x000000000224d000 JavaThread "main" [_thread_in_Java, id=14564, stack(0x0000000002580000,0x0000000002680000)]

Other Threads:
  0x000000000bbb7800 VMThread [stack: 0x000000000d870000,0x000000000d970000] [id=11408]
  0x000000000db11000 WatcherThread [stack: 0x000000000e780000,0x000000000e880000] [id=9444]

VM state:not at safepoint (normal execution)

VM Mutex/Monitor currently owned by a thread: None

Heap
 PSYoungGen      total 67520K, used 30415K [0x00000000d76b0000, 0x00000000dbdb0000, 0x0000000100000000)
  eden space 62336K, 48% used [0x00000000d76b0000,0x00000000d941bd20,0x00000000db390000)
  from space 5184K, 5% used [0x00000000db8a0000,0x00000000db8e8020,0x00000000dbdb0000)
  to   space 5184K, 0% used [0x00000000db390000,0x00000000db390000,0x00000000db8a0000)
 ParOldGen       total 83072K, used 8K [0x0000000086400000, 0x000000008b520000, 0x00000000d76b0000)
  object space 83072K, 0% used [0x0000000086400000,0x0000000086402000,0x000000008b520000)
 PSPermGen       total 21248K, used 2624K [0x0000000081200000, 0x00000000826c0000, 0x0000000086400000)
  object space 21248K, 12% used [0x0000000081200000,0x0000000081490228,0x00000000826c0000)

Card table byte_map: [0x0000000005680000,0x0000000005a80000] byte_map_base: 0x0000000005277000

Polling page: 0x0000000000110000

Code Cache  [0x0000000002680000, 0x00000000028f0000, 0x0000000005680000)
 total_blobs=228 nmethods=47 adapters=133 free_code_cache=48658Kb largest_free_block=49798336

Compilation events (10 events):
Event: 2.489 Thread 0x000000000daf5000 nmethod 40 0x00000000026ee990 code [0x00000000026eeac0, 0x00000000026eeb18]
Event: 2.489 Thread 0x000000000daf5000   43             java.util.Random::nextInt (60 bytes)
Event: 2.491 Thread 0x000000000dadd800 nmethod 42 0x00000000026ee6d0 code [0x00000000026ee800, 0x00000000026ee8d8]
Event: 2.491 Thread 0x000000000dadd800   44             ComputerPlayer::getFirstMoveThatCheckmates (39 bytes)
Event: 2.495 Thread 0x000000000daf5000 nmethod 43 0x00000000026ea310 code [0x00000000026ea460, 0x00000000026ea6b8]
Event: 2.495 Thread 0x000000000daf5000   45             ComputerPlayer::getHighestPieceTrade (89 bytes)
Event: 2.510 Thread 0x000000000daf5000 nmethod 45 0x00000000026e7a50 code [0x00000000026e7bc0, 0x00000000026e8228]
Event: 2.510 Thread 0x000000000daf5000   46             java.util.Collections::shuffle (127 bytes)
Event: 2.521 Thread 0x000000000daf5000 nmethod 46 0x00000000026eb510 code [0x00000000026eb680, 0x00000000026ebaf8]
Event: 2.522 Thread 0x000000000daf5000   47             ComputerPlayer::testCheckmateWithMove (115 bytes)

GC Heap History (10 events):
Event: 2.104 GC heap before
{Heap before GC invocations=1 (full 0):
 PSYoungGen      total 36352K, used 31168K [0x00000000d76b0000, 0x00000000d9f40000, 0x0000000100000000)
  eden space 31168K, 100% used [0x00000000d76b0000,0x00000000d9520000,0x00000000d9520000)
  from space 5184K, 0% used [0x00000000d9a30000,0x00000000d9a30000,0x00000000d9f40000)
  to   space 5184K, 0% used [0x00000000d9520000,0x00000000d9520000,0x00000000d9a30000)
 ParOldGen       total 83072K, used 0K [0x0000000086400000, 0x000000008b520000, 0x00000000d76b0000)
  object space 83072K, 0% used [0x0000000086400000,0x0000000086400000,0x000000008b520000)
 PSPermGen       total 21248K, used 2613K [0x0000000081200000, 0x00000000826c0000, 0x0000000086400000)
  object space 21248K, 12% used [0x0000000081200000,0x000000008148d6c8,0x00000000826c0000)
Event: 2.106 GC heap after
Heap after GC invocations=1 (full 0):
 PSYoungGen      total 36352K, used 400K [0x00000000d76b0000, 0x00000000d9f40000, 0x0000000100000000)
  eden space 31168K, 0% used [0x00000000d76b0000,0x00000000d76b0000,0x00000000d9520000)
  from space 5184K, 7% used [0x00000000d9520000,0x00000000d9584010,0x00000000d9a30000)
  to   space 5184K, 0% used [0x00000000d9a30000,0x00000000d9a30000,0x00000000d9f40000)
 ParOldGen       total 83072K, used 8K [0x0000000086400000, 0x000000008b520000, 0x00000000d76b0000)
  object space 83072K, 0% used [0x0000000086400000,0x0000000086402000,0x000000008b520000)
 PSPermGen       total 21248K, used 2613K [0x0000000081200000, 0x00000000826c0000, 0x0000000086400000)
  object space 21248K, 12% used [0x0000000081200000,0x000000008148d6c8,0x00000000826c0000)
}
Event: 2.203 GC heap before
{Heap before GC invocations=2 (full 0):
 PSYoungGen      total 36352K, used 31568K [0x00000000d76b0000, 0x00000000d9f40000, 0x0000000100000000)
  eden space 31168K, 100% used [0x00000000d76b0000,0x00000000d9520000,0x00000000d9520000)
  from space 5184K, 7% used [0x00000000d9520000,0x00000000d9584010,0x00000000d9a30000)
  to   space 5184K, 0% used [0x00000000d9a30000,0x00000000d9a30000,0x00000000d9f40000)
 ParOldGen       total 83072K, used 8K [0x0000000086400000, 0x000000008b520000, 0x00000000d76b0000)
  object space 83072K, 0% used [0x0000000086400000,0x0000000086402000,0x000000008b520000)
 PSPermGen       total 21248K, used 2619K [0x0000000081200000, 0x00000000826c0000, 0x0000000086400000)
  object space 21248K, 12% used [0x0000000081200000,0x000000008148ec30,0x00000000826c0000)
Event: 2.220 GC heap after
Heap after GC invocations=2 (full 0):
 PSYoungGen      total 36352K, used 288K [0x00000000d76b0000, 0x00000000dbdb0000, 0x0000000100000000)
  eden space 31168K, 0% used [0x00000000d76b0000,0x00000000d76b0000,0x00000000d9520000)
  from space 5184K, 5% used [0x00000000d9a30000,0x00000000d9a78020,0x00000000d9f40000)
  to   space 5184K, 0% used [0x00000000d9520000,0x00000000d9520000,0x00000000d9a30000)
 ParOldGen       total 83072K, used 8K [0x0000000086400000, 0x000000008b520000, 0x00000000d76b0000)
  object space 83072K, 0% used [0x0000000086400000,0x0000000086402000,0x000000008b520000)
 PSPermGen       total 21248K, used 2619K [0x0000000081200000, 0x00000000826c0000, 0x0000000086400000)
  object space 21248K, 12% used [0x0000000081200000,0x000000008148ec30,0x00000000826c0000)
}
Event: 2.267 GC heap before
{Heap before GC invocations=3 (full 0):
 PSYoungGen      total 36352K, used 31456K [0x00000000d76b0000, 0x00000000dbdb0000, 0x0000000100000000)
  eden space 31168K, 100% used [0x00000000d76b0000,0x00000000d9520000,0x00000000d9520000)
  from space 5184K, 5% used [0x00000000d9a30000,0x00000000d9a78020,0x00000000d9f40000)
  to   space 5184K, 0% used [0x00000000d9520000,0x00000000d9520000,0x00000000d9a30000)
 ParOldGen       total 83072K, used 8K [0x0000000086400000, 0x000000008b520000, 0x00000000d76b0000)
  object space 83072K, 0% used [0x0000000086400000,0x0000000086402000,0x000000008b520000)
 PSPermGen       total 21248K, used 2624K [0x0000000081200000, 0x00000000826c0000, 0x0000000086400000)
  object space 21248K, 12% used [0x0000000081200000,0x0000000081490228,0x00000000826c0000)
Event: 2.275 GC heap after
Heap after GC invocations=3 (full 0):
 PSYoungGen      total 36352K, used 288K [0x00000000d76b0000, 0x00000000dbdb0000, 0x0000000100000000)
  eden space 31168K, 0% used [0x00000000d76b0000,0x00000000d76b0000,0x00000000d9520000)
  from space 5184K, 5% used [0x00000000d9520000,0x00000000d9568020,0x00000000d9a30000)
  to   space 5184K, 0% used [0x00000000db8a0000,0x00000000db8a0000,0x00000000dbdb0000)
 ParOldGen       total 83072K, used 8K [0x0000000086400000, 0x000000008b520000, 0x00000000d76b0000)
  object space 83072K, 0% used [0x0000000086400000,0x0000000086402000,0x000000008b520000)
 PSPermGen       total 21248K, used 2624K [0x0000000081200000, 0x00000000826c0000, 0x0000000086400000)
  object space 21248K, 12% used [0x0000000081200000,0x0000000081490228,0x00000000826c0000)
}
Event: 2.326 GC heap before
{Heap before GC invocations=4 (full 0):
 PSYoungGen      total 36352K, used 31456K [0x00000000d76b0000, 0x00000000dbdb0000, 0x0000000100000000)
  eden space 31168K, 100% used [0x00000000d76b0000,0x00000000d9520000,0x00000000d9520000)
  from space 5184K, 5% used [0x00000000d9520000,0x00000000d9568020,0x00000000d9a30000)
  to   space 5184K, 0% used [0x00000000db8a0000,0x00000000db8a0000,0x00000000dbdb0000)
 ParOldGen       total 83072K, used 8K [0x0000000086400000, 0x000000008b520000, 0x00000000d76b0000)
  object space 83072K, 0% used [0x0000000086400000,0x0000000086402000,0x000000008b520000)
 PSPermGen       total 21248K, used 2624K [0x0000000081200000, 0x00000000826c0000, 0x0000000086400000)
  object space 21248K, 12% used [0x0000000081200000,0x0000000081490228,0x00000000826c0000)
Event: 2.328 GC heap after
Heap after GC invocations=4 (full 0):
 PSYoungGen      total 67520K, used 352K [0x00000000d76b0000, 0x00000000dbdb0000, 0x0000000100000000)
  eden space 62336K, 0% used [0x00000000d76b0000,0x00000000d76b0000,0x00000000db390000)
  from space 5184K, 6% used [0x00000000db8a0000,0x00000000db8f8020,0x00000000dbdb0000)
  to   space 5184K, 0% used [0x00000000db390000,0x00000000db390000,0x00000000db8a0000)
 ParOldGen       total 83072K, used 8K [0x0000000086400000, 0x000000008b520000, 0x00000000d76b0000)
  object space 83072K, 0% used [0x0000000086400000,0x0000000086402000,0x000000008b520000)
 PSPermGen       total 21248K, used 2624K [0x0000000081200000, 0x00000000826c0000, 0x0000000086400000)
  object space 21248K, 12% used [0x0000000081200000,0x0000000081490228,0x00000000826c0000)
}
Event: 2.442 GC heap before
{Heap before GC invocations=5 (full 0):
 PSYoungGen      total 67520K, used 62688K [0x00000000d76b0000, 0x00000000dbdb0000, 0x0000000100000000)
  eden space 62336K, 100% used [0x00000000d76b0000,0x00000000db390000,0x00000000db390000)
  from space 5184K, 6% used [0x00000000db8a0000,0x00000000db8f8020,0x00000000dbdb0000)
  to   space 5184K, 0% used [0x00000000db390000,0x00000000db390000,0x00000000db8a0000)
 ParOldGen       total 83072K, used 8K [0x0000000086400000, 0x000000008b520000, 0x00000000d76b0000)
  object space 83072K, 0% used [0x0000000086400000,0x0000000086402000,0x000000008b520000)
 PSPermGen       total 21248K, used 2624K [0x0000000081200000, 0x00000000826c0000, 0x0000000086400000)
  object space 21248K, 12% used [0x0000000081200000,0x0000000081490228,0x00000000826c0000)
Event: 2.444 GC heap after
Heap after GC invocations=5 (full 0):
 PSYoungGen      total 67520K, used 304K [0x00000000d76b0000, 0x00000000dbdb0000, 0x0000000100000000)
  eden space 62336K, 0% used [0x00000000d76b0000,0x00000000d76b0000,0x00000000db390000)
  from space 5184K, 5% used [0x00000000db390000,0x00000000db3dc010,0x00000000db8a0000)
  to   space 5184K, 0% used [0x00000000db8a0000,0x00000000db8a0000,0x00000000dbdb0000)
 ParOldGen       total 83072K, used 8K [0x0000000086400000, 0x000000008b520000, 0x00000000d76b0000)
  object space 83072K, 0% used [0x0000000086400000,0x0000000086402000,0x000000008b520000)
 PSPermGen       total 21248K, used 2624K [0x0000000081200000, 0x00000000826c0000, 0x0000000086400000)
  object space 21248K, 12% used [0x0000000081200000,0x0000000081490228,0x00000000826c0000)
}

Deoptimization events (0 events):
No events

Internal exceptions (10 events):
Event: 0.849 Thread 0x000000000224d000 Threw 0x00000000d76b61a8 at C:\jdk7u2_64p\jdk7u15\hotspot\src\share\vm\prims\jni.cpp:3994
Event: 1.437 Thread 0x000000000224d000 Threw 0x00000000d7702530 at C:\jdk7u2_64p\jdk7u15\hotspot\src\share\vm\prims\jvm.cpp:1166
Event: 1.498 Thread 0x000000000224d000 Threw 0x00000000d7707ea0 at C:\jdk7u2_64p\jdk7u15\hotspot\src\share\vm\prims\jvm.cpp:1166
Event: 1.499 Thread 0x000000000224d000 Threw 0x00000000d7709128 at C:\jdk7u2_64p\jdk7u15\hotspot\src\share\vm\prims\jvm.cpp:1166
Event: 1.516 Thread 0x000000000224d000 Threw 0x00000000d770a9e0 at C:\jdk7u2_64p\jdk7u15\hotspot\src\share\vm\prims\jvm.cpp:1166
Event: 1.531 Thread 0x000000000224d000 Threw 0x00000000d770daf8 at C:\jdk7u2_64p\jdk7u15\hotspot\src\share\vm\prims\jvm.cpp:1166
Event: 1.547 Thread 0x000000000224d000 Threw 0x00000000d770feb8 at C:\jdk7u2_64p\jdk7u15\hotspot\src\share\vm\prims\jvm.cpp:1166
Event: 1.563 Thread 0x000000000224d000 Threw 0x00000000d7711a30 at C:\jdk7u2_64p\jdk7u15\hotspot\src\share\vm\prims\jvm.cpp:1166
Event: 1.586 Thread 0x000000000224d000 Threw 0x00000000d77150a0 at C:\jdk7u2_64p\jdk7u15\hotspot\src\share\vm\prims\jvm.cpp:1166
Event: 1.597 Thread 0x000000000224d000 Threw 0x00000000d7719138 at C:\jdk7u2_64p\jdk7u15\hotspot\src\share\vm\prims\jvm.cpp:1166

Events (10 events):
Event: 2.186 loading class 0x000000000bbbb540
Event: 2.187 loading class 0x000000000bbbb540 done
Event: 2.203 Executing VM operation: ParallelGCFailedAllocation
Event: 2.220 Executing VM operation: ParallelGCFailedAllocation done
Event: 2.267 Executing VM operation: ParallelGCFailedAllocation
Event: 2.275 Executing VM operation: ParallelGCFailedAllocation done
Event: 2.326 Executing VM operation: ParallelGCFailedAllocation
Event: 2.328 Executing VM operation: ParallelGCFailedAllocation done
Event: 2.442 Executing VM operation: ParallelGCFailedAllocation
Event: 2.444 Executing VM operation: ParallelGCFailedAllocation done


Dynamic libraries:
0x000000013f8e0000 - 0x000000013f913000 	C:\Program Files\Java\jre7\bin\javaw.exe
0x0000000077020000 - 0x00000000771c9000 	C:\windows\SYSTEM32\ntdll.dll
0x0000000076da0000 - 0x0000000076ebf000 	C:\windows\system32\kernel32.dll
0x000007fefd530000 - 0x000007fefd59c000 	C:\windows\system32\KERNELBASE.dll
0x000007fefd8f0000 - 0x000007fefd9cb000 	C:\windows\system32\ADVAPI32.dll
0x000007fefec90000 - 0x000007fefed2f000 	C:\windows\system32\msvcrt.dll
0x000007fefebf0000 - 0x000007fefec0f000 	C:\windows\SYSTEM32\sechost.dll
0x000007fefea90000 - 0x000007fefebbd000 	C:\windows\system32\RPCRT4.dll
0x0000000076920000 - 0x0000000076a1a000 	C:\windows\system32\USER32.dll
0x000007fefd850000 - 0x000007fefd8b7000 	C:\windows\system32\GDI32.dll
0x000007fefed30000 - 0x000007fefed3e000 	C:\windows\system32\LPK.dll
0x000007fefd9d0000 - 0x000007fefda99000 	C:\windows\system32\USP10.dll
0x000007fefbdd0000 - 0x000007fefbfc4000 	C:\windows\WinSxS\amd64_microsoft.windows.common-controls_6595b64144ccf1df_6.0.7601.17514_none_fa396087175ac9ac\COMCTL32.dll
0x000007fefec10000 - 0x000007fefec81000 	C:\windows\system32\SHLWAPI.dll
0x000007fefd8c0000 - 0x000007fefd8ee000 	C:\windows\system32\IMM32.DLL
0x000007feff220000 - 0x000007feff329000 	C:\windows\system32\MSCTF.dll
0x000007fefd450000 - 0x000007fefd47f000 	C:\windows\system32\nvinitx.dll
0x000000000f000000 - 0x000000000f006000 	C:\Program Files\NVIDIA Corporation\CoProcManager\detoured.dll
0x000007fef9aa0000 - 0x000007fef9ad3000 	C:\Program Files\NVIDIA Corporation\CoProcManager\nvd3d9wrapx.dll
0x000007fefef40000 - 0x000007feff117000 	C:\windows\system32\SETUPAPI.dll
0x000007fefd770000 - 0x000007fefd7a6000 	C:\windows\system32\CFGMGR32.dll
0x000007fefee60000 - 0x000007fefef37000 	C:\windows\system32\OLEAUT32.dll
0x000007fefdaf0000 - 0x000007fefdcf3000 	C:\windows\system32\ole32.dll
0x000007fefd5a0000 - 0x000007fefd5ba000 	C:\windows\system32\DEVOBJ.dll
0x000007fef9a70000 - 0x000007fef9a93000 	C:\Program Files\NVIDIA Corporation\CoProcManager\nvdxgiwrapx.dll
0x000000005e710000 - 0x000000005e7e1000 	C:\Program Files\Java\jre7\bin\msvcr100.dll
0x000000006e7f0000 - 0x000000006ef0f000 	C:\Program Files\Java\jre7\bin\server\jvm.dll
0x000007fef7ec0000 - 0x000007fef7ec9000 	C:\windows\system32\WSOCK32.dll
0x000007fefdaa0000 - 0x000007fefdaed000 	C:\windows\system32\WS2_32.dll
0x000007fefebc0000 - 0x000007fefebc8000 	C:\windows\system32\NSI.dll
0x000007fefad50000 - 0x000007fefad8b000 	C:\windows\system32\WINMM.dll
0x00000000771f0000 - 0x00000000771f7000 	C:\windows\system32\PSAPI.DLL
0x000000006e3b0000 - 0x000000006e3bf000 	C:\Program Files\Java\jre7\bin\verify.dll
0x000000006d3c0000 - 0x000000006d3e8000 	C:\Program Files\Java\jre7\bin\java.dll
0x000000006d400000 - 0x000000006d415000 	C:\Program Files\Java\jre7\bin\zip.dll

VM Arguments:
jvm_args: -Dfile.encoding=Cp1252 
java_command: ChessSimulator
Launcher Type: SUN_STANDARD

Environment Variables:
CLASSPATH=.;C:\Program Files (x86)\Java\jre7\lib\ext\QTJava.zip
PATH=C:\Program Files (x86)\NVIDIA Corporation\PhysX\Common;C:\Program Files (x86)\Sent;C:\windows\system32;C:\windows;C:\windows\System32\Wbem;C:\windows\System32\WindowsPowerShell\v1.0\;C:\Program Files\VanDyke Software\Clients\;C:\Program Files\MATLAB\R2012a\runtime\win64;C:\Program Files\MATLAB\R2012a\bin;C:\Program Files (x86)\Microsoft SQL Server\100\Tools\Binn\;C:\Program Files (x86)\Microsoft SQL Server\100\DTS\Binn\;C:\MinGW\bin;C:\Program Files\TortoiseSVN\bin;C:\Program Files (x86)\Intel\OpenCL SDK\2.0\bin\x86;C:\Program Files (x86)\Intel\OpenCL SDK\2.0\bin\x64;C:\Program Files (x86)\Common Files\Ulead Systems\MPEG;C:\Program Files (x86)\QuickTime\QTSystem\;C:\Program Files (x86)\IVI Foundation\VISA\WinNT\Bin;C:\PROGRA~2\IVIFOU~1\VISA\WinNT\Bin;C:\Program Files (x86)\Git\cmd;C:\Program Files (x86)\MiKTeX 2.9\miktex\bin\;C:\OrCAD\OrCAD_10.5_Demo\tools\specctra\bin;C:\OrCAD\OrCAD_10.5_Demo\tools\PSpice\Library;C:\OrCAD\OrCAD_10.5_Demo\tools\Capture;C:\OrCAD\OrCAD_10.5_Demo\tools\bin;C:\OrCAD\OrCAD_10.5_Demo\tools\fet\bin;C:\Program Files (x86)\leJOS NXJ\bin;C:\Python27;C:\Python27\Scripts;C:\Program Files (x86)\Nmap
USERNAME=kneislsj
OS=Windows_NT
PROCESSOR_IDENTIFIER=Intel64 Family 6 Model 58 Stepping 9, GenuineIntel



---------------  S Y S T E M  ---------------

OS: Windows 7 , 64 bit Build 7601 Service Pack 1

CPU:total 8 (4 cores per cpu, 2 threads per core) family 6 model 58 stepping 9, cmov, cx8, fxsr, mmx, sse, sse2, sse3, ssse3, sse4.1, sse4.2, popcnt, avx, ht, tsc, tscinvbit, tscinv

Memory: 4k page, physical 7971948k(2128332k free), swap 9082596k(9052k free)

vm_info: Java HotSpot(TM) 64-Bit Server VM (23.7-b01) for windows-amd64 JRE (1.7.0_15-b03), built on Feb 15 2013 13:43:57 by "java_re" with unknown MS VC++:1600

time: Sat Oct 04 15:48:28 2014
elapsed time: 2 seconds

